Using pre-set license

 COMMAND LINE ARGUMENTS:
/Applications/Unity/Hub/Editor/2020.3.8f1/Unity.app/Contents/MacOS/Unity
-adb2
-batchMode
-noUpm
-name
AssetImportWorker0
-projectPath
/Users/wolfwalker/TheJourney
-logFile
Logs/AssetImportWorker0.log
-srvPort
52533
Successfully changed project path to: /Users/wolfwalker/TheJourney
/Users/wolfwalker/TheJourney
Using Asset Import Pipeline V2.
Refreshing native plugins compatible for Editor in 33.98 ms, found 2 plugins.
Preloading 0 native plugins for Editor in 0.00 ms.
Initialize engine version: 2020.3.8f1 (507919d4fff5)
[Subsystems] Discovering subsystems at path /Applications/Unity/Hub/Editor/2020.3.8f1/Unity.app/Contents/Resources/UnitySubsystems
[Subsystems] Discovering subsystems at path /Users/wolfwalker/TheJourney/Assets
GfxDevice: creating device client; threaded=0
2023-08-06 22:46:35.943 Unity[48252:3666071] (null) preferred device: Apple M1 Max (high power)
2023-08-06 22:46:35.944 Unity[48252:3666071] Metal devices available: 1
2023-08-06 22:46:35.944 Unity[48252:3666071] 0: Apple M1 Max (high power)
2023-08-06 22:46:35.944 Unity[48252:3666071] Using device Apple M1 Max (high power)
Initializing Metal device caps: Apple M1 Max
Initialize mono
Mono path[0] = '/Applications/Unity/Hub/Editor/2020.3.8f1/Unity.app/Contents/Managed'
Mono path[1] = '/Applications/Unity/Hub/Editor/2020.3.8f1/Unity.app/Contents/MonoBleedingEdge/lib/mono/unityjit'
Mono config path = '/Applications/Unity/Hub/Editor/2020.3.8f1/Unity.app/Contents/MonoBleedingEdge/etc'
Using monoOptions --debugger-agent=transport=dt_socket,embedding=1,server=y,suspend=n,address=127.0.0.1:56252
Begin MonoManager ReloadAssembly
Registering precompiled unity dll's ...
Register platform support module: /Applications/Unity/Hub/Editor/2020.3.8f1/Unity.app/Contents/PlaybackEngines/MacStandaloneSupport/UnityEditor.OSXStandalone.Extensions.dll
Registered in 0.000299 seconds.
Native extension for OSXStandalone target not found
Refreshing native plugins compatible for Editor in 38.35 ms, found 2 plugins.
Preloading 0 native plugins for Editor in 0.00 ms.
Mono: successfully reloaded assembly
- Completed reload, in  1.692 seconds
Platform modules already initialized, skipping
Registering precompiled user dll's ...
Registered in 0.000354 seconds.
Begin MonoManager ReloadAssembly
Native extension for OSXStandalone target not found
Refreshing native plugins compatible for Editor in 35.57 ms, found 2 plugins.
Preloading 0 native plugins for Editor in 0.00 ms.
Mono: successfully reloaded assembly
- Completed reload, in  1.830 seconds
Platform modules already initialized, skipping
========================================================================
Worker process is ready to serve import requests
Launching external process: /Applications/Unity/Hub/Editor/2020.3.8f1/Unity.app/Contents/Tools/UnityShaderCompiler
Launched and connected shader compiler UnityShaderCompiler after 0.02 seconds
Refreshing native plugins compatible for Editor in 0.36 ms, found 2 plugins.
Preloading 0 native plugins for Editor in 0.00 ms.
Unloading 1818 Unused Serialized files (Serialized files now loaded: 0)
System memory in use before: 143.6 MB.
System memory in use after: 143.5 MB.

Unloading 24 unused Assets to reduce memory usage. Loaded Objects now: 2261.
Total: 1.463500 ms (FindLiveObjects: 0.121084 ms CreateObjectMapping: 0.033625 ms MarkObjects: 1.183458 ms  DeleteObjects: 0.124542 ms)

========================================================================
Received Import Request.
  path: Assets/Scenes/End Screen 1.unity
  artifactKey: Guid(fa66231d1cfc04afa93ed43e0f25635a) Importer(815301076,1909f56bfc062723c751e8b465ee728b)
Start importing Assets/Scenes/End Screen 1.unity using Guid(fa66231d1cfc04afa93ed43e0f25635a) Importer(815301076,1909f56bfc062723c751e8b465ee728b)  -> (artifact id: '5d4418b312f04a129e21b68a01c53620') in 0.015437 seconds
  Import took 0.017607 seconds .

========================================================================
Received Import Request.
  Time since last request: 11.730189 seconds.
  path: Assets/Scenes/Start Screen.unity
  artifactKey: Guid(fa66231d1cfc04afa93ed43e0f25635a) Importer(815301076,1909f56bfc062723c751e8b465ee728b)
Start importing Assets/Scenes/Start Screen.unity using Guid(fa66231d1cfc04afa93ed43e0f25635a) Importer(815301076,1909f56bfc062723c751e8b465ee728b)  -> (artifact id: '04fa579e830dcfbb96a54b9ff7931511') in 0.001395 seconds
  Import took 0.003768 seconds .

========================================================================
Received Import Request.
  Time since last request: 82.706683 seconds.
  path: Assets/Scenes/Start Screen.unity
  artifactKey: Guid(fa66231d1cfc04afa93ed43e0f25635a) Importer(815301076,1909f56bfc062723c751e8b465ee728b)
Start importing Assets/Scenes/Start Screen.unity using Guid(fa66231d1cfc04afa93ed43e0f25635a) Importer(815301076,1909f56bfc062723c751e8b465ee728b)  -> (artifact id: '4711242fe7308fc51808e18b31eb158c') in 0.002260 seconds
  Import took 0.005414 seconds .

========================================================================
Received Prepare
Refreshing native plugins compatible for Editor in 0.62 ms, found 2 plugins.
Preloading 0 native plugins for Editor in 0.00 ms.
Unloading 10 Unused Serialized files (Serialized files now loaded: 0)
System memory in use before: 107.7 MB.
System memory in use after: 107.7 MB.

Unloading 10 unused Assets to reduce memory usage. Loaded Objects now: 2261.
Total: 1.486708 ms (FindLiveObjects: 0.095958 ms CreateObjectMapping: 0.032667 ms MarkObjects: 1.294541 ms  DeleteObjects: 0.063000 ms)

========================================================================
Received Prepare
Registering precompiled user dll's ...
Registered in 0.000342 seconds.
Begin MonoManager ReloadAssembly
Native extension for OSXStandalone target not found
Refreshing native plugins compatible for Editor in 0.41 ms, found 2 plugins.
Preloading 0 native plugins for Editor in 0.00 ms.
Mono: successfully reloaded assembly
- Completed reload, in  1.786 seconds
Platform modules already initialized, skipping
Refreshing native plugins compatible for Editor in 0.27 ms, found 2 plugins.
Preloading 0 native plugins for Editor in 0.00 ms.
Unloading 1813 Unused Serialized files (Serialized files now loaded: 0)
System memory in use before: 143.7 MB.
System memory in use after: 143.6 MB.

Unloading 12 unused Assets to reduce memory usage. Loaded Objects now: 2265.
Total: 1.333959 ms (FindLiveObjects: 0.099958 ms CreateObjectMapping: 0.042834 ms MarkObjects: 1.112834 ms  DeleteObjects: 0.077667 ms)

